<?xml version="1.0" encoding="UTF-8"?>
<!-- Generated by org.testng.reporters.JUnitReportReporter -->
<testsuite hostname="Tony" failures="0" tests="3" name="ReadingDataFromExcel.AllDataProviderFromExcelToArrayTest" time="13.684" errors="0" timestamp="2024-10-24T16:47:48 IST" skipped="0">
  <testcase classname="ReadingDataFromExcel.AllDataProviderFromExcelToArrayTest" name="test1" time="3.929"/>
  <testcase classname="ReadingDataFromExcel.AllDataProviderFromExcelToArrayTest" name="test1" time="3.953"/>
  <testcase classname="ReadingDataFromExcel.AllDataProviderFromExcelToArrayTest" name="test1" time="5.802"/>
</testsuite> <!-- ReadingDataFromExcel.AllDataProviderFromExcelToArrayTest -->
