<?xml version="1.0" encoding="UTF-8"?>
<!-- Generated by org.testng.reporters.JUnitReportReporter -->
<testsuite hostname="Tony" failures="0" tests="2" name="TestNGGroupAttribute.GroupAttribute" time="0.021" errors="0" timestamp="2024-10-19T21:09:26 IST" skipped="0">
  <testcase classname="TestNGGroupAttribute.GroupAttribute" name="test1" time="0.019"/>
  <testcase classname="TestNGGroupAttribute.GroupAttribute" name="test2" time="0.002"/>
</testsuite> <!-- TestNGGroupAttribute.GroupAttribute -->
