<?xml version="1.0" encoding="UTF-8"?>
<!-- Generated by org.testng.reporters.JUnitReportReporter -->
<testsuite hostname="Tony" failures="0" tests="1" name="LearnTestNGExamples.LearnTestNGExamples.AppTest" time="0.009" errors="0" timestamp="2024-10-19T18:56:28 IST" skipped="0">
  <testcase classname="LearnTestNGExamples.LearnTestNGExamples.AppTest" name="testApp" time="0.009"/>
</testsuite> <!-- LearnTestNGExamples.LearnTestNGExamples.AppTest -->
