<?xml version="1.0" encoding="UTF-8"?>
<!-- Generated by org.testng.reporters.JUnitReportReporter -->
<testsuite hostname="Tony" failures="0" tests="3" name="DependencyAttribute.Dependency" time="0.011" errors="0" timestamp="2024-10-19T18:56:28 IST" skipped="0">
  <testcase classname="DependencyAttribute.Dependency" name="closeApp" time="0.002"/>
  <testcase classname="DependencyAttribute.Dependency" name="logoutFromApplication" time="0.004"/>
  <testcase classname="DependencyAttribute.Dependency" name="login" time="0.005"/>
</testsuite> <!-- DependencyAttribute.Dependency -->
