<?xml version="1.0" encoding="UTF-8"?>
<!-- Generated by org.testng.reporters.JUnitReportReporter -->
<testsuite hostname="Tony" failures="0" tests="3" name="LearnTestNGExamples.LearnTestNGExamples.FiestTestNG" time="0.016" errors="0" timestamp="2024-10-16T22:38:29 IST" skipped="0">
  <testcase classname="LearnTestNGExamples.LearnTestNGExamples.FiestTestNG" name="test1" time="0.008"/>
  <testcase classname="LearnTestNGExamples.LearnTestNGExamples.FiestTestNG" name="test3" time="0.003"/>
  <testcase classname="LearnTestNGExamples.LearnTestNGExamples.FiestTestNG" name="test2" time="0.005"/>
</testsuite> <!-- LearnTestNGExamples.LearnTestNGExamples.FiestTestNG -->
