<?xml version="1.0" encoding="UTF-8"?>
<!-- Generated by org.testng.reporters.JUnitReportReporter -->
<testsuite hostname="Tony" failures="0" tests="2" name="Assignment.TestNG" time="0.004" errors="0" timestamp="2024-10-19T18:56:28 IST" skipped="0">
  <testcase classname="Assignment.TestNG" name="methodSecond" time="0.001"/>
  <testcase classname="Assignment.TestNG" name="methodFirst" time="0.003"/>
</testsuite> <!-- Assignment.TestNG -->
