<?xml version="1.0" encoding="UTF-8"?>
<!-- Generated by org.testng.reporters.JUnitReportReporter -->
<testsuite hostname="Tony" failures="0" tests="3" name="CrossBrowser.CrossBrowserTest" time="10.602" errors="0" timestamp="2024-10-21T17:30:06 IST" skipped="0">
  <testcase classname="CrossBrowser.CrossBrowserTest" name="verifyTitle" time="2.622"/>
  <testcase classname="CrossBrowser.CrossBrowserTest" name="verifyTitle" time="3.443"/>
  <testcase classname="CrossBrowser.CrossBrowserTest" name="verifyTitle" time="4.537"/>
</testsuite> <!-- CrossBrowser.CrossBrowserTest -->
