<?xml version="1.0" encoding="UTF-8"?>
<!-- Generated by org.testng.reporters.JUnitReportReporter -->
<testsuite hostname="Tony" failures="0" tests="4" name="ReadingDataFromExcel.ExcelReaderTestAnnotation" time="0.015" errors="0" timestamp="2024-10-28T19:53:50 IST" skipped="1">
  <testcase classname="ReadingDataFromExcel.ExcelReaderTestAnnotation" name="categoryNames" time="0.002"/>
  <testcase classname="ReadingDataFromExcel.ExcelReaderTestAnnotation" name="categoryNames" time="0.012"/>
  <testcase classname="ReadingDataFromExcel.ExcelReaderTestAnnotation" name="categoryNames" time="0.001"/>
  <testcase classname="ReadingDataFromExcel.ExcelReaderTestAnnotation" name="testfromExcel">
    <skipped/>
  </testcase> <!-- testfromExcel -->
</testsuite> <!-- ReadingDataFromExcel.ExcelReaderTestAnnotation -->
