<?xml version="1.0" encoding="UTF-8"?>
<!-- Generated by org.testng.reporters.JUnitReportReporter -->
<testsuite hostname="Tony" failures="0" tests="5" name="Invocation.TestNGInvocationCount" time="0.009" errors="0" timestamp="2024-10-19T18:56:28 IST" skipped="0">
  <testcase classname="Invocation.TestNGInvocationCount" name="test" time="0.000"/>
  <testcase classname="Invocation.TestNGInvocationCount" name="test" time="0.001"/>
  <testcase classname="Invocation.TestNGInvocationCount" name="test" time="0.003"/>
  <testcase classname="Invocation.TestNGInvocationCount" name="test" time="0.003"/>
  <testcase classname="Invocation.TestNGInvocationCount" name="test" time="0.002"/>
</testsuite> <!-- Invocation.TestNGInvocationCount -->
