<?xml version="1.0" encoding="UTF-8"?>
<!-- Generated by org.testng.reporters.JUnitReportReporter -->
<testsuite hostname="Tony" failures="0" tests="1" name="ReadingDataFromExcel.ReadExcelData" time="0.489" errors="0" timestamp="2024-10-24T16:11:21 IST" skipped="0">
  <testcase classname="ReadingDataFromExcel.ReadExcelData" name="test1" time="0.489"/>
</testsuite> <!-- ReadingDataFromExcel.ReadExcelData -->
