<?xml version="1.0" encoding="UTF-8"?>
<!-- Generated by org.testng.reporters.JUnitReportReporter -->
<testsuite hostname="Tony" failures="0" tests="3" name="LearnTestNGExamples.LearnTestNGExamples.FirstTestNG" time="0.006" errors="0" timestamp="2024-10-19T18:56:28 IST" skipped="0">
  <testcase classname="LearnTestNGExamples.LearnTestNGExamples.FirstTestNG" name="test3" time="0.002"/>
  <testcase classname="LearnTestNGExamples.LearnTestNGExamples.FirstTestNG" name="test2" time="0.002"/>
  <testcase classname="LearnTestNGExamples.LearnTestNGExamples.FirstTestNG" name="test1" time="0.002"/>
</testsuite> <!-- LearnTestNGExamples.LearnTestNGExamples.FirstTestNG -->
