<?xml version="1.0" encoding="UTF-8"?>
<!-- Generated by org.testng.reporters.JUnitReportReporter -->
<testsuite hostname="Tony" failures="0" tests="3" name="DataDrivenTest.DDTFromOtherClassTest" time="13.899" errors="0" timestamp="2024-10-24T14:34:01 IST" skipped="0">
  <testcase classname="DataDrivenTest.DDTFromOtherClassTest" name="test1" time="5.064"/>
  <testcase classname="DataDrivenTest.DDTFromOtherClassTest" name="test1" time="4.423"/>
  <testcase classname="DataDrivenTest.DDTFromOtherClassTest" name="test1" time="4.412"/>
</testsuite> <!-- DataDrivenTest.DDTFromOtherClassTest -->
