<?xml version="1.0" encoding="UTF-8"?>
<!-- Generated by org.testng.reporters.JUnitReportReporter -->
<testsuite hostname="Tony" failures="0" tests="3" name="TestNGWithSelenium.BeforeAndAfterAnnotation" time="10.472" errors="0" timestamp="2024-10-19T18:56:28 IST" skipped="0">
  <testcase classname="TestNGWithSelenium.BeforeAndAfterAnnotation" name="verifyURL" time="2.738"/>
  <testcase classname="TestNGWithSelenium.BeforeAndAfterAnnotation" name="loginToApplication" time="5.708"/>
  <testcase classname="TestNGWithSelenium.BeforeAndAfterAnnotation" name="verifyTitle" time="2.026"/>
</testsuite> <!-- TestNGWithSelenium.BeforeAndAfterAnnotation -->
