<?xml version="1.0" encoding="UTF-8"?>
<!-- Generated by org.testng.reporters.JUnitReportReporter -->
<testsuite hostname="Tony" failures="0" tests="2" name="DataDrivenTest.DDT" time="0.014" errors="0" timestamp="2024-10-23T21:27:36 IST" skipped="0">
  <testcase classname="DataDrivenTest.DDT" name="test1" time="0.004"/>
  <testcase classname="DataDrivenTest.DDT" name="test1" time="0.010"/>
</testsuite> <!-- DataDrivenTest.DDT -->
