<?xml version="1.0" encoding="UTF-8"?>
<!-- Generated by org.testng.reporters.JUnitReportReporter -->
<testsuite hostname="Tony" failures="0" tests="3" name="DataDrivenTest.DDT1" time="13.878" errors="0" timestamp="2024-10-24T14:16:43 IST" skipped="0">
  <testcase classname="DataDrivenTest.DDT1" name="test1" time="5.008"/>
  <testcase classname="DataDrivenTest.DDT1" name="test1" time="4.399"/>
  <testcase classname="DataDrivenTest.DDT1" name="test1" time="4.471"/>
</testsuite> <!-- DataDrivenTest.DDT1 -->
