<?xml version="1.0" encoding="UTF-8"?>
<!-- Generated by org.testng.reporters.JUnitReportReporter -->
<testsuite hostname="Tony" failures="0" tests="5" name="Invocation.TestNGInvocationCount" time="0.003" errors="0" timestamp="2024-12-01T15:36:49 IST" skipped="0">
  <testcase classname="Invocation.TestNGInvocationCount" name="test" time="0.002"/>
  <testcase classname="Invocation.TestNGInvocationCount" name="test" time="0.000"/>
  <testcase classname="Invocation.TestNGInvocationCount" name="test" time="0.001"/>
  <testcase classname="Invocation.TestNGInvocationCount" name="test" time="0.000"/>
  <testcase classname="Invocation.TestNGInvocationCount" name="test" time="0.000"/>
</testsuite> <!-- Invocation.TestNGInvocationCount -->
