<?xml version="1.0" encoding="UTF-8"?>
<!-- Generated by org.testng.reporters.JUnitReportReporter -->
<testsuite hostname="Tony" failures="0" tests="4" name="LearnTestNGExamples.LearnTestNGExamples.TestNGExamples2" time="0.000" errors="0" timestamp="2024-12-01T15:36:49 IST" skipped="0">
  <testcase classname="LearnTestNGExamples.LearnTestNGExamples.TestNGExamples2" name="loginToApplication" time="0.000"/>
  <testcase classname="LearnTestNGExamples.LearnTestNGExamples.TestNGExamples2" name="makePayment" time="0.000"/>
  <testcase classname="LearnTestNGExamples.LearnTestNGExamples.TestNGExamples2" name="collectReceipt" time="0.000"/>
  <testcase classname="LearnTestNGExamples.LearnTestNGExamples.TestNGExamples2" name="logoutFromApplication" time="0.000"/>
</testsuite> <!-- LearnTestNGExamples.LearnTestNGExamples.TestNGExamples2 -->
