<?xml version="1.0" encoding="UTF-8"?>
<!-- Generated by org.testng.reporters.JUnitReportReporter -->
<testsuite hostname="Tony" failures="0" tests="3" name="LearnTestNGExamples.LearnTestNGExamples.FirstTestNG" time="0.001" errors="0" timestamp="2024-12-01T15:36:49 IST" skipped="0">
  <testcase classname="LearnTestNGExamples.LearnTestNGExamples.FirstTestNG" name="test2" time="0.000"/>
  <testcase classname="LearnTestNGExamples.LearnTestNGExamples.FirstTestNG" name="test1" time="0.000"/>
  <testcase classname="LearnTestNGExamples.LearnTestNGExamples.FirstTestNG" name="test3" time="0.001"/>
</testsuite> <!-- LearnTestNGExamples.LearnTestNGExamples.FirstTestNG -->
