<?xml version="1.0" encoding="UTF-8"?>
<!-- Generated by org.testng.reporters.JUnitReportReporter -->
<testsuite hostname="Tony" failures="0" tests="1" name="LearnTestNGExamples.LearnTestNGExamples.NewTest" time="0.010" errors="0" timestamp="2024-12-01T15:36:49 IST" skipped="0">
  <testcase classname="LearnTestNGExamples.LearnTestNGExamples.NewTest" name="f" time="0.010"/>
</testsuite> <!-- LearnTestNGExamples.LearnTestNGExamples.NewTest -->
