<?xml version="1.0" encoding="UTF-8"?>
<!-- Generated by org.testng.reporters.JUnitReportReporter -->
<testsuite hostname="Tony" failures="0" tests="3" name="DependencyAttribute.Dependency" time="0.001" errors="0" timestamp="2024-12-01T15:36:49 IST" skipped="0">
  <testcase classname="DependencyAttribute.Dependency" name="logoutFromApplication" time="0.000"/>
  <testcase classname="DependencyAttribute.Dependency" name="closeApp" time="0.000"/>
  <testcase classname="DependencyAttribute.Dependency" name="login" time="0.001"/>
</testsuite> <!-- DependencyAttribute.Dependency -->
