<?xml version="1.0" encoding="UTF-8"?>
<!-- Generated by org.testng.reporters.JUnitReportReporter -->
<testsuite hostname="Tony" failures="0" tests="2" name="Assignment.TestNG" time="0.006" errors="0" timestamp="2024-12-01T15:36:49 IST" skipped="0">
  <testcase classname="Assignment.TestNG" name="methodFirst" time="0.006"/>
  <testcase classname="Assignment.TestNG" name="methodSecond" time="0.000"/>
</testsuite> <!-- Assignment.TestNG -->
