<?xml version="1.0" encoding="UTF-8"?>
<!-- Generated by org.testng.reporters.JUnitReportReporter -->
<testsuite hostname="Tony" failures="0" tests="1" name="LearnTestNGExamples.LearnTestNGExamples.AppTest" time="0.004" errors="0" timestamp="2024-12-01T15:36:49 IST" skipped="0">
  <testcase classname="LearnTestNGExamples.LearnTestNGExamples.AppTest" name="testApp" time="0.004"/>
</testsuite> <!-- LearnTestNGExamples.LearnTestNGExamples.AppTest -->
