<?xml version="1.0" encoding="UTF-8"?>
<!-- Generated by org.testng.reporters.JUnitReportReporter -->
<testsuite hostname="Tony" failures="0" tests="3" name="TestNGWithSelenium.BeforeAndAfterAnnotation" time="16.132" errors="0" timestamp="2024-12-01T15:36:49 IST" skipped="0">
  <testcase classname="TestNGWithSelenium.BeforeAndAfterAnnotation" name="verifyURL" time="2.150"/>
  <testcase classname="TestNGWithSelenium.BeforeAndAfterAnnotation" name="loginToApplication" time="11.810"/>
  <testcase classname="TestNGWithSelenium.BeforeAndAfterAnnotation" name="verifyTitle" time="2.172"/>
</testsuite> <!-- TestNGWithSelenium.BeforeAndAfterAnnotation -->
